[2019-02-18 20:26:45:761]
            LogID:[ldsdk] 3500[sdk初始化完成]
            Level:INFO
            Module:sdk
            Message:sdk编译日期：Dec 28 2017  编译时间：13:54:28
[2019-02-18 20:26:59:131]
            LogID:[ldsdk] 3503[同步请求时间]
            Level:WARNING
            Module:sdk
            Message:func：pubL.19.21  Time:31
[2019-02-18 20:26:59:791]
            LogID:[ldsdk] 3503[同步请求时间]
            Level:WARNING
            Module:sdk
            Message:func：pubL.21.33  Time:15
[2019-02-18 20:26:59:918]
            LogID:[ldsdk] 3503[同步请求时间]
            Level:WARNING
            Module:sdk
            Message:func：pubL.21.31  Time:0
[2019-02-18 20:27:00:114]
            LogID:[ldsdk] 3503[同步请求时间]
            Level:WARNING
            Module:sdk
            Message:func：pubL.21.32  Time:94
[2019-02-18 20:27:00:339]
            LogID:[ldsdk] 3503[同步请求时间]
            Level:WARNING
            Module:sdk
            Message:func：pubL.17.180  Time:93
[2019-02-18 20:27:00:905]
            LogID:[ldsdk] 3503[同步请求时间]
            Level:WARNING
            Module:sdk
            Message:func：pdfutuL.1.44  Time:16
[2019-02-18 20:27:00:905]
            LogID:[ldsdk] 3503[同步请求时间]
            Level:WARNING
            Module:sdk
            Message:func：pubL.13.114  Time:16
[2019-02-18 20:27:00:956]
            LogID:[ldsdk] 3503[同步请求时间]
            Level:WARNING
            Module:sdk
            Message:func：prodL.1.4  Time:31
[2019-02-18 20:27:01:025]
            LogID:[ldsdk] 3503[同步请求时间]
            Level:WARNING
            Module:sdk
            Message:func：pubL.17.181  Time:16
[2019-02-18 20:27:01:156]
            LogID:[ldsdk] 3503[同步请求时间]
            Level:WARNING
            Module:sdk
            Message:func：pdsecuL.1.44  Time:125
[2019-02-18 20:27:01:157]
            LogID:[ldsdk] 3503[同步请求时间]
            Level:WARNING
            Module:sdk
            Message:func：pubL.19.54  Time:93
[2019-02-18 20:27:01:157]
            LogID:[ldsdk] 3503[同步请求时间]
            Level:WARNING
            Module:sdk
            Message:func：pubL.17.117  Time:31
[2019-02-18 20:27:01:291]
            LogID:[ldsdk] 3503[同步请求时间]
            Level:WARNING
            Module:sdk
            Message:func：pubL.18.44  Time:15
[2019-02-18 20:27:01:311]
            LogID:[ldsdk] 3503[同步请求时间]
            Level:WARNING
            Module:sdk
            Message:func：pubL.23.14  Time:0
[2019-02-18 20:27:01:325]
            LogID:[ldsdk] 3503[同步请求时间]
            Level:WARNING
            Module:sdk
            Message:func：prodL.1.44  Time:16
[2019-02-18 20:27:01:612]
            LogID:[ldsdk] 3503[同步请求时间]
            Level:WARNING
            Module:sdk
            Message:func：pubL.1.14  Time:204
[2019-02-18 20:27:01:640]
            LogID:[ldsdk] 3503[同步请求时间]
            Level:WARNING
            Module:sdk
            Message:func：pubL.13.114  Time:187
[2019-02-18 20:27:02:579]
            LogID:[ldsdk] 3503[同步请求时间]
            Level:WARNING
            Module:sdk
            Message:func：pubL.1.49  Time:1187
[2019-02-18 20:27:02:579]
            LogID:[ldsdk] 3503[同步请求时间]
            Level:WARNING
            Module:sdk
            Message:func：pubL.3.104  Time:672
[2019-02-18 20:27:04:522]
            LogID:[ldsdk] 3503[同步请求时间]
            Level:WARNING
            Module:sdk
            Message:func：pubL.13.144  Time:110
[2019-02-18 20:27:07:717]
            LogID:[ldsdk] 3503[同步请求时间]
            Level:WARNING
            Module:sdk
            Message:func：pubL.19.4  Time:0
[2019-02-18 20:27:07:719]
            LogID:[ldsdk] 3503[同步请求时间]
            Level:WARNING
            Module:sdk
            Message:func：prodL.1.4  Time:15
[2019-02-18 20:27:07:766]
            LogID:[ldsdk] 3503[同步请求时间]
            Level:WARNING
            Module:sdk
            Message:func：pubL.19.54  Time:47
[2019-02-18 20:27:07:767]
            LogID:[ldsdk] 3503[同步请求时间]
            Level:WARNING
            Module:sdk
            Message:func：pubL.19.54  Time:78
[2019-02-18 20:27:07:838]
            LogID:[ldsdk] 3503[同步请求时间]
            Level:WARNING
            Module:sdk
            Message:func：pubL.23.14  Time:15
[2019-02-18 20:27:07:853]
            LogID:[ldsdk] 3503[同步请求时间]
            Level:WARNING
            Module:sdk
            Message:func：evaL.1.14  Time:31
[2019-02-18 20:27:07:885]
            LogID:[ldsdk] 3503[同步请求时间]
            Level:WARNING
            Module:sdk
            Message:func：evaL.1.14  Time:15
[2019-02-18 20:27:07:890]
            LogID:[ldsdk] 3503[同步请求时间]
            Level:WARNING
            Module:sdk
            Message:func：evaL.3.3  Time:0
[2019-02-18 20:27:07:957]
            LogID:[ldsdk] 3503[同步请求时间]
            Level:WARNING
            Module:sdk
            Message:func：evaL.3.31  Time:15
[2019-02-18 20:27:12:579]
            LogID:[ldsdk] 3503[同步请求时间]
            Level:WARNING
            Module:sdk
            Message:func：evaL.3.3  Time:15
[2019-02-18 20:27:12:580]
            LogID:[ldsdk] 3503[同步请求时间]
            Level:WARNING
            Module:sdk
            Message:func：evaL.3.46  Time:15
